
> backend@1.0.0 start
> ts-node server.ts

[32minfo[39m: Using Redis Mock for development {"timestamp":"2026-02-23T06:42:39.114Z"}
Starting server initialization...
Express app created
Setting up helmet...
Setting up cors...
Setting up morgan...
Setting up stripe webhook...
Setting up body parsers...
Setting up rate limiting...
Setting up session...
Session setup ok
Setting up passport...
Passport setup ok
Setting up static files...
Setting up routes...
Routes setup ok
Inside startServer...
Calling connectDB...
Attempting to connect to MongoDB...
[32minfo[39m: Redis connected {"timestamp":"2026-02-23T06:42:39.676Z"}
